<?xml version="1.0" encoding="UTF-8"?>
<!-- Generated by org.testng.reporters.JUnitReportReporter -->
<testsuite hostname="DESKTOP-5F0Q0QT" failures="0" tests="2" name="com.selenium.testng.AnnotationCode" time="0.016" errors="0" timestamp="2021-10-23T10:40:00 IST" skipped="0">
  <testcase classname="com.selenium.testng.AnnotationCode" name="testCase1" time="0.012"/>
  <system-out/>
  <testcase classname="com.selenium.testng.AnnotationCode" name="testCase2" time="0.004"/>
  <system-out/>
</testsuite> <!-- com.selenium.testng.AnnotationCode -->
