<?xml version="1.0" encoding="UTF-8"?>
<!-- Generated by org.testng.reporters.JUnitReportReporter -->
<testsuite hostname="DESKTOP-5F0Q0QT" failures="0" tests="1" name="com.selenium.webobject.Code_For_KeyboardHandle_6" time="17.943" errors="0" timestamp="2021-10-30T10:58:37 IST" skipped="0">
  <testcase classname="com.selenium.webobject.Code_For_KeyboardHandle_6" name="Code_For_KeyboardHandle_Test" time="17.943"/>
  <system-out/>
</testsuite> <!-- com.selenium.webobject.Code_For_KeyboardHandle_6 -->
