<?xml version="1.0" encoding="UTF-8"?>
<!-- Generated by org.testng.reporters.JUnitReportReporter -->
<testsuite hostname="DESKTOP-5F0Q0QT" failures="0" tests="4" name="com.selenium.keyworddriven.Calculator_Test" time="14.529" errors="0" timestamp="2021-11-14T11:06:28 IST" skipped="0">
  <testcase classname="com.selenium.keyworddriven.Calculator_Test" name="addOperation" time="4.108"/>
  <system-out/>
  <testcase classname="com.selenium.keyworddriven.Calculator_Test" name="subOperation" time="3.491"/>
  <system-out/>
  <testcase classname="com.selenium.keyworddriven.Calculator_Test" name="divOperation" time="3.463"/>
  <system-out/>
  <testcase classname="com.selenium.keyworddriven.Calculator_Test" name="mulOperation" time="3.467"/>
  <system-out/>
</testsuite> <!-- com.selenium.keyworddriven.Calculator_Test -->
