<?xml version="1.0" encoding="UTF-8"?>
<!-- Generated by org.testng.reporters.JUnitReportReporter -->
<testsuite hostname="DESKTOP-5F0Q0QT" failures="0" tests="1" name="com.selenium.webobject.Code_For_Screenshot_10" time="3.190" errors="0" timestamp="2021-10-30T12:12:56 IST" skipped="0">
  <testcase classname="com.selenium.webobject.Code_For_Screenshot_10" name="Code_For_Screenshot" time="3.190"/>
  <system-out/>
</testsuite> <!-- com.selenium.webobject.Code_For_Screenshot_10 -->
