<?xml version="1.0" encoding="UTF-8"?>
<!-- Generated by org.testng.reporters.JUnitReportReporter -->
<testsuite hostname="DESKTOP-5F0Q0QT" failures="0" tests="1" name="com.selenium.webobject.Code_For_CountElements_1" time="5.824" errors="0" timestamp="2021-10-24T10:01:22 IST" skipped="0">
  <testcase classname="com.selenium.webobject.Code_For_CountElements_1" name="CountWebElement" time="5.824"/>
  <system-out/>
</testsuite> <!-- com.selenium.webobject.Code_For_CountElements_1 -->
