<?xml version="1.0" encoding="UTF-8"?>
<!-- Generated by org.testng.reporters.JUnitReportReporter -->
<testsuite hostname="DESKTOP-5F0Q0QT" failures="0" tests="3" name="com.selenium.testng.LoginTestCase" time="10.417" errors="0" timestamp="2021-10-10T13:45:25 IST" skipped="1">
  <testcase classname="com.selenium.testng.LoginTestCase" name="loginAdmin" time="5.424"/>
  <system-out/>
  <testcase classname="com.selenium.testng.LoginTestCase" name="loginSpeed" time="4.993"/>
  <system-out/>
  <testcase classname="com.selenium.testng.LoginTestCase" name="loginTestUser">
    <skipped/>
  </testcase> <!-- loginTestUser -->
  <system-out/>
</testsuite> <!-- com.selenium.testng.LoginTestCase -->
