<?xml version="1.0" encoding="UTF-8"?>
<!-- Generated by org.testng.reporters.JUnitReportReporter -->
<testsuite hostname="DESKTOP-5F0Q0QT" failures="0" tests="1" name="com.selenium.keyworddriven.FixedDeposit_Test2" time="5.836" errors="0" timestamp="2021-11-10T13:17:19 IST" skipped="0">
  <testcase classname="com.selenium.keyworddriven.FixedDeposit_Test2" name="f" time="5.836"/>
  <system-out>
    <![CDATA[TeST CASES PASSED 
Test Case Passed : f]]>
  </system-out>
</testsuite> <!-- com.selenium.keyworddriven.FixedDeposit_Test2 -->
