<?xml version="1.0" encoding="UTF-8"?>
<!-- Generated by org.testng.reporters.JUnitReportReporter -->
<testsuite hostname="DESKTOP-5F0Q0QT" failures="0" tests="1" name="com.selenium.webobject.Code_For_Alert_2" time="9.048" errors="0" timestamp="2021-10-30T09:37:20 IST" skipped="0">
  <testcase classname="com.selenium.webobject.Code_For_Alert_2" name="Code_For_Alert_Test" time="9.048"/>
  <system-out/>
</testsuite> <!-- com.selenium.webobject.Code_For_Alert_2 -->
