<?xml version="1.0" encoding="UTF-8"?>
<!-- Generated by org.testng.reporters.JUnitReportReporter -->
<testsuite hostname="DESKTOP-GOTDN6L" failures="0" tests="1" name="com.selenium.keyworddriven.FixedDeposit_Test" time="14.106" errors="0" timestamp="2022-02-13T21:04:57 IST" skipped="0">
  <testcase classname="com.selenium.keyworddriven.FixedDeposit_Test" name="FixedDeposit_10000" time="14.106"/>
  <system-out/>
</testsuite> <!-- com.selenium.keyworddriven.FixedDeposit_Test -->
