<?xml version="1.0" encoding="UTF-8"?>
<!-- Generated by org.testng.reporters.JUnitReportReporter -->
<testsuite hostname="DESKTOP-5F0Q0QT" failures="0" tests="1" name="com.selenium.basictest.LoginTestCase3" time="10.755" errors="0" timestamp="2021-11-12T11:43:23 IST" skipped="0">
  <testcase classname="com.selenium.basictest.LoginTestCase3" name="loginAdmin" time="10.755"/>
  <system-out/>
</testsuite> <!-- com.selenium.basictest.LoginTestCase3 -->
