<?xml version="1.0" encoding="UTF-8"?>
<!-- Generated by org.testng.reporters.JUnitReportReporter -->
<testsuite hostname="DESKTOP-5F0Q0QT" failures="0" tests="2" name="com.selenium.basictest.LoginTestCase" time="16.801" errors="0" timestamp="2021-11-10T14:54:39 IST" skipped="0">
  <testcase classname="com.selenium.basictest.LoginTestCase" name="loginAdmin" time="4.383"/>
  <system-out/>
  <testcase classname="com.selenium.basictest.LoginTestCase" name="loginTestUser" time="12.418"/>
  <system-out/>
</testsuite> <!-- com.selenium.basictest.LoginTestCase -->
