<?xml version="1.0" encoding="UTF-8"?>
<!-- Generated by org.testng.reporters.JUnitReportReporter -->
<testsuite hostname="DESKTOP-5F0Q0QT" failures="0" tests="3" name="com.selenium.keyworddriven.BlazeDemo_Test" time="5.698" errors="0" timestamp="2021-11-14T11:06:28 IST" skipped="0">
  <testcase classname="com.selenium.keyworddriven.BlazeDemo_Test" name="Blazedemo_flight" time="0.820"/>
  <system-out/>
  <testcase classname="com.selenium.keyworddriven.BlazeDemo_Test" name="Blazedemo_flight_Info" time="2.318"/>
  <system-out/>
  <testcase classname="com.selenium.keyworddriven.BlazeDemo_Test" name="Blazedemo_userInfo" time="2.560"/>
  <system-out/>
</testsuite> <!-- com.selenium.keyworddriven.BlazeDemo_Test -->
