<?xml version="1.0" encoding="UTF-8"?>
<!-- Generated by org.testng.reporters.JUnitReportReporter -->
<testsuite hostname="DESKTOP-5F0Q0QT" failures="0" tests="1" name="com.selenium.webobject.Code_For_IFrame_3" time="8.218" errors="0" timestamp="2021-10-30T10:13:07 IST" skipped="0">
  <testcase classname="com.selenium.webobject.Code_For_IFrame_3" name="Code_For_IFrame_Test" time="8.218"/>
  <system-out/>
</testsuite> <!-- com.selenium.webobject.Code_For_IFrame_3 -->
