<?xml version="1.0" encoding="UTF-8"?>
<!-- Generated by org.testng.reporters.JUnitReportReporter -->
<testsuite hostname="DESKTOP-5F0Q0QT" failures="0" tests="1" name="com.selenium.webobject.Code_For_JavaScriptExecutor_9" time="32.785" errors="0" timestamp="2021-10-31T09:57:48 IST" skipped="0">
  <testcase classname="com.selenium.webobject.Code_For_JavaScriptExecutor_9" name="Code_For_JavaScriptExecutor_Test" time="32.785"/>
  <system-out/>
</testsuite> <!-- com.selenium.webobject.Code_For_JavaScriptExecutor_9 -->
