<?xml version="1.0" encoding="UTF-8"?>
<!-- Generated by org.testng.reporters.JUnitReportReporter -->
<testsuite hostname="DESKTOP-5F0Q0QT" failures="0" tests="4" name="com.selenium.webobject.BasicWebObject" time="7.114" errors="0" timestamp="2021-10-23T12:56:15 IST" skipped="0">
  <testcase classname="com.selenium.webobject.BasicWebObject" name="handleTextBox" time="6.451"/>
  <system-out/>
  <testcase classname="com.selenium.webobject.BasicWebObject" name="handleRadioButton" time="0.133"/>
  <system-out/>
  <testcase classname="com.selenium.webobject.BasicWebObject" name="handleCheckBox" time="0.289"/>
  <system-out/>
  <testcase classname="com.selenium.webobject.BasicWebObject" name="handleDropDownList" time="0.241"/>
  <system-out/>
</testsuite> <!-- com.selenium.webobject.BasicWebObject -->
