<?xml version="1.0" encoding="UTF-8"?>
<!-- Generated by org.testng.reporters.JUnitReportReporter -->
<testsuite hostname="DESKTOP-5F0Q0QT" failures="0" tests="1" name="com.selenium.basictest.ExtentReportCode" time="15.326" errors="0" timestamp="2021-11-14T09:42:10 IST" skipped="0">
  <testcase classname="com.selenium.basictest.ExtentReportCode" name="login_Selenium99" time="15.326"/>
  <system-out/>
</testsuite> <!-- com.selenium.basictest.ExtentReportCode -->
